[19:42:26] === Bootstrap e2e (K=1000, seeds=[42, 7, 123]) sur cuda ===
[19:42:26] Embedder ../LyRIDS_Opener/outputs/models/embedder_contrastive_hard_big | thr=0.3 | datasets=['e_ner', 'indian_legal', 'lener_br', 'german_ler_coarse']
[19:42:32] Chargement detecteur SUP urchade/gliner_medium-v2.1 ...
C:\0-Code_py_temp\pytorch_cuda_env\lib\site-packages\huggingface_hub\utils\_validators.py:189: UserWarning: The `resume_download` argument is deprecated and ignored in `snapshot_download`. Downloads always resume whenever possible.
  warnings.warn(
Fetching 5 files:   0%|          | 0/5 [00:00<?, ?it/s]Fetching 5 files: 100%|██████████| 5/5 [00:00<00:00, 5025.53it/s]
[19:42:37] [GLiNER-M] e_ner: fit-on-detected (train=2000) ...
<All keys matched successfully>
C:\0-Code_py_temp\pytorch_cuda_env\lib\site-packages\gliner\data_processing\processor.py:395: UserWarning: Sentence of length 463 has been truncated to 384
  batch = [self.preprocess_example(b["tokenized_text"], b[key], class_to_ids) for b in batch_list]
C:\0-Code_py_temp\pytorch_cuda_env\lib\site-packages\gliner\data_processing\processor.py:395: UserWarning: Sentence of length 397 has been truncated to 384
  batch = [self.preprocess_example(b["tokenized_text"], b[key], class_to_ids) for b in batch_list]
C:\0-Code_py_temp\pytorch_cuda_env\lib\site-packages\gliner\data_processing\processor.py:395: UserWarning: Sentence of length 417 has been truncated to 384
  batch = [self.preprocess_example(b["tokenized_text"], b[key], class_to_ids) for b in batch_list]
C:\0-Code_py_temp\pytorch_cuda_env\lib\site-packages\gliner\data_processing\processor.py:395: UserWarning: Sentence of length 456 has been truncated to 384
  batch = [self.preprocess_example(b["tokenized_text"], b[key], class_to_ids) for b in batch_list]
[19:44:44] [GLiNER-M] e_ner: predictions e2e (test=877) ...
C:\0-Code_py_temp\pytorch_cuda_env\lib\site-packages\gliner\data_processing\processor.py:395: UserWarning: Sentence of length 498 has been truncated to 384
  batch = [self.preprocess_example(b["tokenized_text"], b[key], class_to_ids) for b in batch_list]
C:\0-Code_py_temp\pytorch_cuda_env\lib\site-packages\gliner\data_processing\processor.py:395: UserWarning: Sentence of length 511 has been truncated to 384
  batch = [self.preprocess_example(b["tokenized_text"], b[key], class_to_ids) for b in batch_list]
[19:45:58] [GLiNER-M] indian_legal: fit-on-detected (train=2000) ...
[19:48:34] [GLiNER-M] indian_legal: predictions e2e (test=866) ...
C:\0-Code_py_temp\pytorch_cuda_env\lib\site-packages\gliner\data_processing\processor.py:395: UserWarning: Sentence of length 418 has been truncated to 384
  batch = [self.preprocess_example(b["tokenized_text"], b[key], class_to_ids) for b in batch_list]
C:\0-Code_py_temp\pytorch_cuda_env\lib\site-packages\gliner\data_processing\processor.py:395: UserWarning: Sentence of length 478 has been truncated to 384
  batch = [self.preprocess_example(b["tokenized_text"], b[key], class_to_ids) for b in batch_list]
C:\0-Code_py_temp\pytorch_cuda_env\lib\site-packages\gliner\data_processing\processor.py:395: UserWarning: Sentence of length 1260 has been truncated to 384
  batch = [self.preprocess_example(b["tokenized_text"], b[key], class_to_ids) for b in batch_list]
C:\0-Code_py_temp\pytorch_cuda_env\lib\site-packages\gliner\data_processing\processor.py:395: UserWarning: Sentence of length 587 has been truncated to 384
  batch = [self.preprocess_example(b["tokenized_text"], b[key], class_to_ids) for b in batch_list]
C:\0-Code_py_temp\pytorch_cuda_env\lib\site-packages\gliner\data_processing\processor.py:395: UserWarning: Sentence of length 432 has been truncated to 384
  batch = [self.preprocess_example(b["tokenized_text"], b[key], class_to_ids) for b in batch_list]
C:\0-Code_py_temp\pytorch_cuda_env\lib\site-packages\gliner\data_processing\processor.py:395: UserWarning: Sentence of length 1033 has been truncated to 384
  batch = [self.preprocess_example(b["tokenized_text"], b[key], class_to_ids) for b in batch_list]
C:\0-Code_py_temp\pytorch_cuda_env\lib\site-packages\gliner\data_processing\processor.py:395: UserWarning: Sentence of length 421 has been truncated to 384
  batch = [self.preprocess_example(b["tokenized_text"], b[key], class_to_ids) for b in batch_list]
C:\0-Code_py_temp\pytorch_cuda_env\lib\site-packages\gliner\data_processing\processor.py:395: UserWarning: Sentence of length 723 has been truncated to 384
  batch = [self.preprocess_example(b["tokenized_text"], b[key], class_to_ids) for b in batch_list]
C:\0-Code_py_temp\pytorch_cuda_env\lib\site-packages\gliner\data_processing\processor.py:395: UserWarning: Sentence of length 393 has been truncated to 384
  batch = [self.preprocess_example(b["tokenized_text"], b[key], class_to_ids) for b in batch_list]
C:\0-Code_py_temp\pytorch_cuda_env\lib\site-packages\gliner\data_processing\processor.py:395: UserWarning: Sentence of length 664 has been truncated to 384
  batch = [self.preprocess_example(b["tokenized_text"], b[key], class_to_ids) for b in batch_list]
C:\0-Code_py_temp\pytorch_cuda_env\lib\site-packages\gliner\data_processing\processor.py:395: UserWarning: Sentence of length 549 has been truncated to 384
  batch = [self.preprocess_example(b["tokenized_text"], b[key], class_to_ids) for b in batch_list]
C:\0-Code_py_temp\pytorch_cuda_env\lib\site-packages\gliner\data_processing\processor.py:395: UserWarning: Sentence of length 810 has been truncated to 384
  batch = [self.preprocess_example(b["tokenized_text"], b[key], class_to_ids) for b in batch_list]
C:\0-Code_py_temp\pytorch_cuda_env\lib\site-packages\gliner\data_processing\processor.py:395: UserWarning: Sentence of length 569 has been truncated to 384
  batch = [self.preprocess_example(b["tokenized_text"], b[key], class_to_ids) for b in batch_list]
C:\0-Code_py_temp\pytorch_cuda_env\lib\site-packages\gliner\data_processing\processor.py:395: UserWarning: Sentence of length 482 has been truncated to 384
  batch = [self.preprocess_example(b["tokenized_text"], b[key], class_to_ids) for b in batch_list]
C:\0-Code_py_temp\pytorch_cuda_env\lib\site-packages\gliner\data_processing\processor.py:395: UserWarning: Sentence of length 534 has been truncated to 384
  batch = [self.preprocess_example(b["tokenized_text"], b[key], class_to_ids) for b in batch_list]
[19:50:37] [GLiNER-M] lener_br: fit-on-detected (train=2000) ...
C:\0-Code_py_temp\pytorch_cuda_env\lib\site-packages\gliner\data_processing\processor.py:395: UserWarning: Sentence of length 730 has been truncated to 384
  batch = [self.preprocess_example(b["tokenized_text"], b[key], class_to_ids) for b in batch_list]
C:\0-Code_py_temp\pytorch_cuda_env\lib\site-packages\gliner\data_processing\processor.py:395: UserWarning: Sentence of length 404 has been truncated to 384
  batch = [self.preprocess_example(b["tokenized_text"], b[key], class_to_ids) for b in batch_list]
C:\0-Code_py_temp\pytorch_cuda_env\lib\site-packages\gliner\data_processing\processor.py:395: UserWarning: Sentence of length 561 has been truncated to 384
  batch = [self.preprocess_example(b["tokenized_text"], b[key], class_to_ids) for b in batch_list]
C:\0-Code_py_temp\pytorch_cuda_env\lib\site-packages\gliner\data_processing\processor.py:395: UserWarning: Sentence of length 418 has been truncated to 384
  batch = [self.preprocess_example(b["tokenized_text"], b[key], class_to_ids) for b in batch_list]
C:\0-Code_py_temp\pytorch_cuda_env\lib\site-packages\gliner\data_processing\processor.py:395: UserWarning: Sentence of length 463 has been truncated to 384
  batch = [self.preprocess_example(b["tokenized_text"], b[key], class_to_ids) for b in batch_list]
C:\0-Code_py_temp\pytorch_cuda_env\lib\site-packages\gliner\data_processing\processor.py:395: UserWarning: Sentence of length 450 has been truncated to 384
  batch = [self.preprocess_example(b["tokenized_text"], b[key], class_to_ids) for b in batch_list]
[19:53:07] [GLiNER-M] lener_br: predictions e2e (test=636) ...
C:\0-Code_py_temp\pytorch_cuda_env\lib\site-packages\gliner\data_processing\processor.py:395: UserWarning: Sentence of length 756 has been truncated to 384
  batch = [self.preprocess_example(b["tokenized_text"], b[key], class_to_ids) for b in batch_list]
[19:54:06] [GLiNER-M] german_ler_coarse: fit-on-detected (train=2000) ...
[19:56:27] [GLiNER-M] german_ler_coarse: predictions e2e (test=1000) ...
[19:57:35] Chargement detecteur ZS urchade/gliner_large-v2.1 ...
C:\0-Code_py_temp\pytorch_cuda_env\lib\site-packages\huggingface_hub\utils\_validators.py:189: UserWarning: The `resume_download` argument is deprecated and ignored in `snapshot_download`. Downloads always resume whenever possible.
  warnings.warn(
Traceback (most recent call last):
  File "C:\0-Code_py_temp\pytorch_cuda_env\lib\site-packages\httpx\_transports\default.py", line 101, in map_httpcore_exceptions
    yield
  File "C:\0-Code_py_temp\pytorch_cuda_env\lib\site-packages\httpx\_transports\default.py", line 250, in handle_request
    resp = self._pool.handle_request(req)
  File "C:\0-Code_py_temp\pytorch_cuda_env\lib\site-packages\httpcore\_sync\connection_pool.py", line 256, in handle_request
    raise exc from None
  File "C:\0-Code_py_temp\pytorch_cuda_env\lib\site-packages\httpcore\_sync\connection_pool.py", line 236, in handle_request
    response = connection.handle_request(
  File "C:\0-Code_py_temp\pytorch_cuda_env\lib\site-packages\httpcore\_sync\connection.py", line 101, in handle_request
    raise exc
  File "C:\0-Code_py_temp\pytorch_cuda_env\lib\site-packages\httpcore\_sync\connection.py", line 78, in handle_request
    stream = self._connect(request)
  File "C:\0-Code_py_temp\pytorch_cuda_env\lib\site-packages\httpcore\_sync\connection.py", line 124, in _connect
    stream = self._network_backend.connect_tcp(**kwargs)
  File "C:\0-Code_py_temp\pytorch_cuda_env\lib\site-packages\httpcore\_backends\sync.py", line 207, in connect_tcp
    with map_exceptions(exc_map):
  File "C:\Users\garel\AppData\Local\Programs\Python\Python310\lib\contextlib.py", line 153, in __exit__
    self.gen.throw(typ, value, traceback)
  File "C:\0-Code_py_temp\pytorch_cuda_env\lib\site-packages\httpcore\_exceptions.py", line 14, in map_exceptions
    raise to_exc(exc) from exc
httpcore.ConnectError: [Errno 11001] getaddrinfo failed

The above exception was the direct cause of the following exception:

Traceback (most recent call last):
  File "C:\Users\garel\AppData\Local\Programs\Python\Python310\lib\runpy.py", line 196, in _run_module_as_main
    return _run_code(code, main_globals, None,
  File "C:\Users\garel\AppData\Local\Programs\Python\Python310\lib\runpy.py", line 86, in _run_code
    exec(code, run_globals)
  File "D:\Loisir\Code_python\LyRIDS_Opener_Legal\scripts\run_bootstrap_e2e.py", line 267, in <module>
    main()
  File "D:\Loisir\Code_python\LyRIDS_Opener_Legal\scripts\run_bootstrap_e2e.py", line 198, in main
    md = GLiNER.from_pretrained(args.gliner_zs)
  File "C:\0-Code_py_temp\pytorch_cuda_env\lib\site-packages\gliner\model.py", line 3192, in from_pretrained
    return gliner_class.from_pretrained(
  File "C:\0-Code_py_temp\pytorch_cuda_env\lib\site-packages\gliner\model.py", line 639, in from_pretrained
    tokenizer = cls._load_tokenizer(config, model_dir, cache_dir)
  File "C:\0-Code_py_temp\pytorch_cuda_env\lib\site-packages\gliner\model.py", line 369, in _load_tokenizer
    tokenizer = AutoTokenizer.from_pretrained(config.model_name, cache_dir=cache_dir)
  File "C:\0-Code_py_temp\pytorch_cuda_env\lib\site-packages\transformers\models\auto\tokenization_auto.py", line 725, in from_pretrained
    return tokenizer_class.from_pretrained(pretrained_model_name_or_path, *inputs, **kwargs)
  File "C:\0-Code_py_temp\pytorch_cuda_env\lib\site-packages\transformers\tokenization_utils_base.py", line 1712, in from_pretrained
    return cls._from_pretrained(
  File "C:\0-Code_py_temp\pytorch_cuda_env\lib\site-packages\transformers\tokenization_utils_base.py", line 1900, in _from_pretrained
    tokenizer = cls(*init_inputs, **init_kwargs)
  File "C:\0-Code_py_temp\pytorch_cuda_env\lib\site-packages\transformers\models\deberta_v2\tokenization_deberta_v2.py", line 141, in __init__
    super().__init__(
  File "C:\0-Code_py_temp\pytorch_cuda_env\lib\site-packages\transformers\tokenization_utils_tokenizers.py", line 376, in __init__
    self._tokenizer = self._patch_mistral_regex(
  File "C:\0-Code_py_temp\pytorch_cuda_env\lib\site-packages\transformers\tokenization_utils_tokenizers.py", line 1210, in _patch_mistral_regex
    is_local or (not is_local and is_base_mistral(pretrained_model_name_or_path))
  File "C:\0-Code_py_temp\pytorch_cuda_env\lib\site-packages\transformers\tokenization_utils_tokenizers.py", line 1200, in is_base_mistral
    model = model_info(model_id)
  File "C:\0-Code_py_temp\pytorch_cuda_env\lib\site-packages\huggingface_hub\utils\_validators.py", line 88, in _inner_fn
    return fn(*args, **kwargs)
  File "C:\0-Code_py_temp\pytorch_cuda_env\lib\site-packages\huggingface_hub\hf_api.py", line 3312, in model_info
    r = get_session().get(path, headers=headers, timeout=timeout, params=params)
  File "C:\0-Code_py_temp\pytorch_cuda_env\lib\site-packages\httpx\_client.py", line 1053, in get
    return self.request(
  File "C:\0-Code_py_temp\pytorch_cuda_env\lib\site-packages\httpx\_client.py", line 825, in request
    return self.send(request, auth=auth, follow_redirects=follow_redirects)
  File "C:\0-Code_py_temp\pytorch_cuda_env\lib\site-packages\httpx\_client.py", line 914, in send
    response = self._send_handling_auth(
  File "C:\0-Code_py_temp\pytorch_cuda_env\lib\site-packages\httpx\_client.py", line 942, in _send_handling_auth
    response = self._send_handling_redirects(
  File "C:\0-Code_py_temp\pytorch_cuda_env\lib\site-packages\httpx\_client.py", line 979, in _send_handling_redirects
    response = self._send_single_request(request)
  File "C:\0-Code_py_temp\pytorch_cuda_env\lib\site-packages\httpx\_client.py", line 1014, in _send_single_request
    response = transport.handle_request(request)
  File "C:\0-Code_py_temp\pytorch_cuda_env\lib\site-packages\httpx\_transports\default.py", line 249, in handle_request
    with map_httpcore_exceptions():
  File "C:\Users\garel\AppData\Local\Programs\Python\Python310\lib\contextlib.py", line 153, in __exit__
    self.gen.throw(typ, value, traceback)
  File "C:\0-Code_py_temp\pytorch_cuda_env\lib\site-packages\httpx\_transports\default.py", line 118, in map_httpcore_exceptions
    raise mapped_exc(message) from exc
httpx.ConnectError: [Errno 11001] getaddrinfo failed
