[12:48:22] === OWNER legal (transfer, load_finetuned conll2003) on: mapa_fr ===
Export OWNER -> ../LyRIDS_Opener/external/OWNER/data/lyrids  (1 datasets)
  mapa_fr                train= 438d/ 1023e  test= 156d/  345e  types= 5  dropped=0  -> ..\LyRIDS_Opener\external\OWNER\data\lyrids\mapa_fr

Résumé : ..\LyRIDS_Opener\external\OWNER\data\lyrids\_export_summary.json
config -> mapa_fr
[12:48:38] --- OWNER: mapa_fr ---
2026/07/05 12:49:10 INFO mlflow: Loading model: ner
D:\conda_envs\owner\Lib\site-packages\huggingface_hub\file_download.py:1142: FutureWarning: `resume_download` is deprecated and will be removed in version 1.0.0. Downloads always resume when possible. If you want to force a new download, use `force_download=True`.
  warnings.warn(
2026/07/05 12:49:16 INFO mlflow: Loading and preprocessing data
Special tokens have been added in the vocabulary, make sure the associated word embeddings are fine-tuned or trained.
D:\conda_envs\owner\Lib\site-packages\transformers\convert_slow_tokenizer.py:473: UserWarning: The sentencepiece tokenizer that you are converting to a fast tokenizer uses the byte fallback option which is not implemented in the fast tokenizers. In practice this means that the fast version of the tokenizer can produce unknown tokens whereas the sentencepiece version would have converted these unknown tokens into a sequence of byte tokens matching the original piece of text.
  warnings.warn(
Special tokens have been added in the vocabulary, make sure the associated word embeddings are fine-tuned or trained.
  0%|          | 0/156 [00:00<?, ?it/s] 63%|██████▎   | 98/156 [00:00<00:00, 969.14it/s]100%|██████████| 156/156 [00:00<00:00, 1026.88it/s]
  0%|          | 0/156 [00:00<?, ?it/s] 55%|█████▌    | 86/156 [00:00<00:00, 791.45it/s]100%|██████████| 156/156 [00:00<00:00, 459.88it/s]
2026/07/05 12:49:18 INFO mlflow: >>> Loading model from "D:\Loisir\Code_python\LyRIDS_Opener\external\OWNER\checkpoints\transfer_conll2003\100" <<<
2026/07/05 12:49:20 INFO mlflow: >>> Evaluating model <<<
2026/07/05 12:49:20 INFO mlflow: Evaluating Mention Detection
2026/07/05 12:49:28 INFO mlflow: Evaluating Entity Typing
Fitting 5 folds for each of 15 candidates, totalling 75 fits
D:\conda_envs\owner\Lib\site-packages\sklearn\cluster\_kmeans.py:1440: UserWarning: KMeans is known to have a memory leak on Windows with MKL, when there are less chunks than available threads. You can avoid it by setting the environment variable OMP_NUM_THREADS=2.
  warnings.warn(
[CV] END .......................................n_clusters=2; total time=   1.8s
D:\conda_envs\owner\Lib\site-packages\sklearn\cluster\_kmeans.py:1440: UserWarning: KMeans is known to have a memory leak on Windows with MKL, when there are less chunks than available threads. You can avoid it by setting the environment variable OMP_NUM_THREADS=2.
  warnings.warn(
[CV] END .......................................n_clusters=2; total time=   0.0s
D:\conda_envs\owner\Lib\site-packages\sklearn\cluster\_kmeans.py:1440: UserWarning: KMeans is known to have a memory leak on Windows with MKL, when there are less chunks than available threads. You can avoid it by setting the environment variable OMP_NUM_THREADS=2.
  warnings.warn(
[CV] END .......................................n_clusters=2; total time=   0.0s
D:\conda_envs\owner\Lib\site-packages\sklearn\cluster\_kmeans.py:1440: UserWarning: KMeans is known to have a memory leak on Windows with MKL, when there are less chunks than available threads. You can avoid it by setting the environment variable OMP_NUM_THREADS=2.
  warnings.warn(
[CV] END .......................................n_clusters=2; total time=   0.0s
D:\conda_envs\owner\Lib\site-packages\sklearn\cluster\_kmeans.py:1440: UserWarning: KMeans is known to have a memory leak on Windows with MKL, when there are less chunks than available threads. You can avoid it by setting the environment variable OMP_NUM_THREADS=2.
  warnings.warn(
[CV] END .......................................n_clusters=2; total time=   0.0s
D:\conda_envs\owner\Lib\site-packages\sklearn\cluster\_kmeans.py:1440: UserWarning: KMeans is known to have a memory leak on Windows with MKL, when there are less chunks than available threads. You can avoid it by setting the environment variable OMP_NUM_THREADS=2.
  warnings.warn(
[CV] END .......................................n_clusters=4; total time=   0.0s
D:\conda_envs\owner\Lib\site-packages\sklearn\cluster\_kmeans.py:1440: UserWarning: KMeans is known to have a memory leak on Windows with MKL, when there are less chunks than available threads. You can avoid it by setting the environment variable OMP_NUM_THREADS=2.
  warnings.warn(
[CV] END .......................................n_clusters=4; total time=   0.0s
D:\conda_envs\owner\Lib\site-packages\sklearn\cluster\_kmeans.py:1440: UserWarning: KMeans is known to have a memory leak on Windows with MKL, when there are less chunks than available threads. You can avoid it by setting the environment variable OMP_NUM_THREADS=2.
  warnings.warn(
[CV] END .......................................n_clusters=4; total time=   0.0s
D:\conda_envs\owner\Lib\site-packages\sklearn\cluster\_kmeans.py:1440: UserWarning: KMeans is known to have a memory leak on Windows with MKL, when there are less chunks than available threads. You can avoid it by setting the environment variable OMP_NUM_THREADS=2.
  warnings.warn(
[CV] END .......................................n_clusters=4; total time=   0.0s
D:\conda_envs\owner\Lib\site-packages\sklearn\cluster\_kmeans.py:1440: UserWarning: KMeans is known to have a memory leak on Windows with MKL, when there are less chunks than available threads. You can avoid it by setting the environment variable OMP_NUM_THREADS=2.
  warnings.warn(
[CV] END .......................................n_clusters=4; total time=   0.0s
D:\conda_envs\owner\Lib\site-packages\sklearn\cluster\_kmeans.py:1440: UserWarning: KMeans is known to have a memory leak on Windows with MKL, when there are less chunks than available threads. You can avoid it by setting the environment variable OMP_NUM_THREADS=2.
  warnings.warn(
[CV] END .......................................n_clusters=6; total time=   0.0s
D:\conda_envs\owner\Lib\site-packages\sklearn\cluster\_kmeans.py:1440: UserWarning: KMeans is known to have a memory leak on Windows with MKL, when there are less chunks than available threads. You can avoid it by setting the environment variable OMP_NUM_THREADS=2.
  warnings.warn(
[CV] END .......................................n_clusters=6; total time=   0.0s
D:\conda_envs\owner\Lib\site-packages\sklearn\cluster\_kmeans.py:1440: UserWarning: KMeans is known to have a memory leak on Windows with MKL, when there are less chunks than available threads. You can avoid it by setting the environment variable OMP_NUM_THREADS=2.
  warnings.warn(
[CV] END .......................................n_clusters=6; total time=   0.0s
D:\conda_envs\owner\Lib\site-packages\sklearn\cluster\_kmeans.py:1440: UserWarning: KMeans is known to have a memory leak on Windows with MKL, when there are less chunks than available threads. You can avoid it by setting the environment variable OMP_NUM_THREADS=2.
  warnings.warn(
[CV] END .......................................n_clusters=6; total time=   0.0s
D:\conda_envs\owner\Lib\site-packages\sklearn\cluster\_kmeans.py:1440: UserWarning: KMeans is known to have a memory leak on Windows with MKL, when there are less chunks than available threads. You can avoid it by setting the environment variable OMP_NUM_THREADS=2.
  warnings.warn(
[CV] END .......................................n_clusters=6; total time=   0.0s
D:\conda_envs\owner\Lib\site-packages\sklearn\cluster\_kmeans.py:1440: UserWarning: KMeans is known to have a memory leak on Windows with MKL, when there are less chunks than available threads. You can avoid it by setting the environment variable OMP_NUM_THREADS=2.
  warnings.warn(
[CV] END .......................................n_clusters=8; total time=   0.0s
D:\conda_envs\owner\Lib\site-packages\sklearn\cluster\_kmeans.py:1440: UserWarning: KMeans is known to have a memory leak on Windows with MKL, when there are less chunks than available threads. You can avoid it by setting the environment variable OMP_NUM_THREADS=2.
  warnings.warn(
[CV] END .......................................n_clusters=8; total time=   0.0s
D:\conda_envs\owner\Lib\site-packages\sklearn\cluster\_kmeans.py:1440: UserWarning: KMeans is known to have a memory leak on Windows with MKL, when there are less chunks than available threads. You can avoid it by setting the environment variable OMP_NUM_THREADS=2.
  warnings.warn(
[CV] END .......................................n_clusters=8; total time=   0.0s
D:\conda_envs\owner\Lib\site-packages\sklearn\cluster\_kmeans.py:1440: UserWarning: KMeans is known to have a memory leak on Windows with MKL, when there are less chunks than available threads. You can avoid it by setting the environment variable OMP_NUM_THREADS=2.
  warnings.warn(
[CV] END .......................................n_clusters=8; total time=   0.0s
D:\conda_envs\owner\Lib\site-packages\sklearn\cluster\_kmeans.py:1440: UserWarning: KMeans is known to have a memory leak on Windows with MKL, when there are less chunks than available threads. You can avoid it by setting the environment variable OMP_NUM_THREADS=2.
  warnings.warn(
[CV] END .......................................n_clusters=8; total time=   0.0s
D:\conda_envs\owner\Lib\site-packages\sklearn\cluster\_kmeans.py:1440: UserWarning: KMeans is known to have a memory leak on Windows with MKL, when there are less chunks than available threads. You can avoid it by setting the environment variable OMP_NUM_THREADS=2.
  warnings.warn(
[CV] END ......................................n_clusters=10; total time=   0.0s
D:\conda_envs\owner\Lib\site-packages\sklearn\cluster\_kmeans.py:1440: UserWarning: KMeans is known to have a memory leak on Windows with MKL, when there are less chunks than available threads. You can avoid it by setting the environment variable OMP_NUM_THREADS=2.
  warnings.warn(
[CV] END ......................................n_clusters=10; total time=   0.0s
D:\conda_envs\owner\Lib\site-packages\sklearn\cluster\_kmeans.py:1440: UserWarning: KMeans is known to have a memory leak on Windows with MKL, when there are less chunks than available threads. You can avoid it by setting the environment variable OMP_NUM_THREADS=2.
  warnings.warn(
[CV] END ......................................n_clusters=10; total time=   0.1s
D:\conda_envs\owner\Lib\site-packages\sklearn\cluster\_kmeans.py:1440: UserWarning: KMeans is known to have a memory leak on Windows with MKL, when there are less chunks than available threads. You can avoid it by setting the environment variable OMP_NUM_THREADS=2.
  warnings.warn(
[CV] END ......................................n_clusters=10; total time=   0.1s
D:\conda_envs\owner\Lib\site-packages\sklearn\cluster\_kmeans.py:1440: UserWarning: KMeans is known to have a memory leak on Windows with MKL, when there are less chunks than available threads. You can avoid it by setting the environment variable OMP_NUM_THREADS=2.
  warnings.warn(
[CV] END ......................................n_clusters=10; total time=   0.1s
D:\conda_envs\owner\Lib\site-packages\sklearn\cluster\_kmeans.py:1440: UserWarning: KMeans is known to have a memory leak on Windows with MKL, when there are less chunks than available threads. You can avoid it by setting the environment variable OMP_NUM_THREADS=2.
  warnings.warn(
[CV] END ......................................n_clusters=12; total time=   0.0s
D:\conda_envs\owner\Lib\site-packages\sklearn\cluster\_kmeans.py:1440: UserWarning: KMeans is known to have a memory leak on Windows with MKL, when there are less chunks than available threads. You can avoid it by setting the environment variable OMP_NUM_THREADS=2.
  warnings.warn(
[CV] END ......................................n_clusters=12; total time=   0.0s
D:\conda_envs\owner\Lib\site-packages\sklearn\cluster\_kmeans.py:1440: UserWarning: KMeans is known to have a memory leak on Windows with MKL, when there are less chunks than available threads. You can avoid it by setting the environment variable OMP_NUM_THREADS=2.
  warnings.warn(
[CV] END ......................................n_clusters=12; total time=   0.0s
D:\conda_envs\owner\Lib\site-packages\sklearn\cluster\_kmeans.py:1440: UserWarning: KMeans is known to have a memory leak on Windows with MKL, when there are less chunks than available threads. You can avoid it by setting the environment variable OMP_NUM_THREADS=2.
  warnings.warn(
[CV] END ......................................n_clusters=12; total time=   0.0s
D:\conda_envs\owner\Lib\site-packages\sklearn\cluster\_kmeans.py:1440: UserWarning: KMeans is known to have a memory leak on Windows with MKL, when there are less chunks than available threads. You can avoid it by setting the environment variable OMP_NUM_THREADS=2.
  warnings.warn(
[CV] END ......................................n_clusters=12; total time=   0.0s
D:\conda_envs\owner\Lib\site-packages\sklearn\cluster\_kmeans.py:1440: UserWarning: KMeans is known to have a memory leak on Windows with MKL, when there are less chunks than available threads. You can avoid it by setting the environment variable OMP_NUM_THREADS=2.
  warnings.warn(
[CV] END ......................................n_clusters=14; total time=   0.1s
D:\conda_envs\owner\Lib\site-packages\sklearn\cluster\_kmeans.py:1440: UserWarning: KMeans is known to have a memory leak on Windows with MKL, when there are less chunks than available threads. You can avoid it by setting the environment variable OMP_NUM_THREADS=2.
  warnings.warn(
[CV] END ......................................n_clusters=14; total time=   0.0s
D:\conda_envs\owner\Lib\site-packages\sklearn\cluster\_kmeans.py:1440: UserWarning: KMeans is known to have a memory leak on Windows with MKL, when there are less chunks than available threads. You can avoid it by setting the environment variable OMP_NUM_THREADS=2.
  warnings.warn(
[CV] END ......................................n_clusters=14; total time=   0.1s
D:\conda_envs\owner\Lib\site-packages\sklearn\cluster\_kmeans.py:1440: UserWarning: KMeans is known to have a memory leak on Windows with MKL, when there are less chunks than available threads. You can avoid it by setting the environment variable OMP_NUM_THREADS=2.
  warnings.warn(
[CV] END ......................................n_clusters=14; total time=   0.1s
D:\conda_envs\owner\Lib\site-packages\sklearn\cluster\_kmeans.py:1440: UserWarning: KMeans is known to have a memory leak on Windows with MKL, when there are less chunks than available threads. You can avoid it by setting the environment variable OMP_NUM_THREADS=2.
  warnings.warn(
[CV] END ......................................n_clusters=14; total time=   0.1s
D:\conda_envs\owner\Lib\site-packages\sklearn\cluster\_kmeans.py:1440: UserWarning: KMeans is known to have a memory leak on Windows with MKL, when there are less chunks than available threads. You can avoid it by setting the environment variable OMP_NUM_THREADS=2.
  warnings.warn(
[CV] END ......................................n_clusters=16; total time=   0.1s
D:\conda_envs\owner\Lib\site-packages\sklearn\cluster\_kmeans.py:1440: UserWarning: KMeans is known to have a memory leak on Windows with MKL, when there are less chunks than available threads. You can avoid it by setting the environment variable OMP_NUM_THREADS=2.
  warnings.warn(
[CV] END ......................................n_clusters=16; total time=   0.1s
D:\conda_envs\owner\Lib\site-packages\sklearn\cluster\_kmeans.py:1440: UserWarning: KMeans is known to have a memory leak on Windows with MKL, when there are less chunks than available threads. You can avoid it by setting the environment variable OMP_NUM_THREADS=2.
  warnings.warn(
[CV] END ......................................n_clusters=16; total time=   0.1s
D:\conda_envs\owner\Lib\site-packages\sklearn\cluster\_kmeans.py:1440: UserWarning: KMeans is known to have a memory leak on Windows with MKL, when there are less chunks than available threads. You can avoid it by setting the environment variable OMP_NUM_THREADS=2.
  warnings.warn(
[CV] END ......................................n_clusters=16; total time=   0.1s
D:\conda_envs\owner\Lib\site-packages\sklearn\cluster\_kmeans.py:1440: UserWarning: KMeans is known to have a memory leak on Windows with MKL, when there are less chunks than available threads. You can avoid it by setting the environment variable OMP_NUM_THREADS=2.
  warnings.warn(
[CV] END ......................................n_clusters=16; total time=   0.1s
D:\conda_envs\owner\Lib\site-packages\sklearn\cluster\_kmeans.py:1440: UserWarning: KMeans is known to have a memory leak on Windows with MKL, when there are less chunks than available threads. You can avoid it by setting the environment variable OMP_NUM_THREADS=2.
  warnings.warn(
[CV] END ......................................n_clusters=18; total time=   0.1s
D:\conda_envs\owner\Lib\site-packages\sklearn\cluster\_kmeans.py:1440: UserWarning: KMeans is known to have a memory leak on Windows with MKL, when there are less chunks than available threads. You can avoid it by setting the environment variable OMP_NUM_THREADS=2.
  warnings.warn(
[CV] END ......................................n_clusters=18; total time=   0.1s
D:\conda_envs\owner\Lib\site-packages\sklearn\cluster\_kmeans.py:1440: UserWarning: KMeans is known to have a memory leak on Windows with MKL, when there are less chunks than available threads. You can avoid it by setting the environment variable OMP_NUM_THREADS=2.
  warnings.warn(
[CV] END ......................................n_clusters=18; total time=   0.1s
D:\conda_envs\owner\Lib\site-packages\sklearn\cluster\_kmeans.py:1440: UserWarning: KMeans is known to have a memory leak on Windows with MKL, when there are less chunks than available threads. You can avoid it by setting the environment variable OMP_NUM_THREADS=2.
  warnings.warn(
[CV] END ......................................n_clusters=18; total time=   0.1s
D:\conda_envs\owner\Lib\site-packages\sklearn\cluster\_kmeans.py:1440: UserWarning: KMeans is known to have a memory leak on Windows with MKL, when there are less chunks than available threads. You can avoid it by setting the environment variable OMP_NUM_THREADS=2.
  warnings.warn(
[CV] END ......................................n_clusters=18; total time=   0.1s
D:\conda_envs\owner\Lib\site-packages\sklearn\cluster\_kmeans.py:1440: UserWarning: KMeans is known to have a memory leak on Windows with MKL, when there are less chunks than available threads. You can avoid it by setting the environment variable OMP_NUM_THREADS=2.
  warnings.warn(
[CV] END ......................................n_clusters=20; total time=   0.1s
D:\conda_envs\owner\Lib\site-packages\sklearn\cluster\_kmeans.py:1440: UserWarning: KMeans is known to have a memory leak on Windows with MKL, when there are less chunks than available threads. You can avoid it by setting the environment variable OMP_NUM_THREADS=2.
  warnings.warn(
[CV] END ......................................n_clusters=20; total time=   0.1s
D:\conda_envs\owner\Lib\site-packages\sklearn\cluster\_kmeans.py:1440: UserWarning: KMeans is known to have a memory leak on Windows with MKL, when there are less chunks than available threads. You can avoid it by setting the environment variable OMP_NUM_THREADS=2.
  warnings.warn(
[CV] END ......................................n_clusters=20; total time=   0.1s
D:\conda_envs\owner\Lib\site-packages\sklearn\cluster\_kmeans.py:1440: UserWarning: KMeans is known to have a memory leak on Windows with MKL, when there are less chunks than available threads. You can avoid it by setting the environment variable OMP_NUM_THREADS=2.
  warnings.warn(
[CV] END ......................................n_clusters=20; total time=   0.1s
D:\conda_envs\owner\Lib\site-packages\sklearn\cluster\_kmeans.py:1440: UserWarning: KMeans is known to have a memory leak on Windows with MKL, when there are less chunks than available threads. You can avoid it by setting the environment variable OMP_NUM_THREADS=2.
  warnings.warn(
[CV] END ......................................n_clusters=20; total time=   0.1s
D:\conda_envs\owner\Lib\site-packages\sklearn\cluster\_kmeans.py:1440: UserWarning: KMeans is known to have a memory leak on Windows with MKL, when there are less chunks than available threads. You can avoid it by setting the environment variable OMP_NUM_THREADS=2.
  warnings.warn(
[CV] END ......................................n_clusters=22; total time=   0.1s
D:\conda_envs\owner\Lib\site-packages\sklearn\cluster\_kmeans.py:1440: UserWarning: KMeans is known to have a memory leak on Windows with MKL, when there are less chunks than available threads. You can avoid it by setting the environment variable OMP_NUM_THREADS=2.
  warnings.warn(
[CV] END ......................................n_clusters=22; total time=   0.1s
D:\conda_envs\owner\Lib\site-packages\sklearn\cluster\_kmeans.py:1440: UserWarning: KMeans is known to have a memory leak on Windows with MKL, when there are less chunks than available threads. You can avoid it by setting the environment variable OMP_NUM_THREADS=2.
  warnings.warn(
[CV] END ......................................n_clusters=22; total time=   0.1s
D:\conda_envs\owner\Lib\site-packages\sklearn\cluster\_kmeans.py:1440: UserWarning: KMeans is known to have a memory leak on Windows with MKL, when there are less chunks than available threads. You can avoid it by setting the environment variable OMP_NUM_THREADS=2.
  warnings.warn(
[CV] END ......................................n_clusters=22; total time=   0.1s
D:\conda_envs\owner\Lib\site-packages\sklearn\cluster\_kmeans.py:1440: UserWarning: KMeans is known to have a memory leak on Windows with MKL, when there are less chunks than available threads. You can avoid it by setting the environment variable OMP_NUM_THREADS=2.
  warnings.warn(
[CV] END ......................................n_clusters=22; total time=   0.1s
D:\conda_envs\owner\Lib\site-packages\sklearn\cluster\_kmeans.py:1440: UserWarning: KMeans is known to have a memory leak on Windows with MKL, when there are less chunks than available threads. You can avoid it by setting the environment variable OMP_NUM_THREADS=2.
  warnings.warn(
[CV] END ......................................n_clusters=24; total time=   0.1s
D:\conda_envs\owner\Lib\site-packages\sklearn\cluster\_kmeans.py:1440: UserWarning: KMeans is known to have a memory leak on Windows with MKL, when there are less chunks than available threads. You can avoid it by setting the environment variable OMP_NUM_THREADS=2.
  warnings.warn(
[CV] END ......................................n_clusters=24; total time=   0.1s
D:\conda_envs\owner\Lib\site-packages\sklearn\cluster\_kmeans.py:1440: UserWarning: KMeans is known to have a memory leak on Windows with MKL, when there are less chunks than available threads. You can avoid it by setting the environment variable OMP_NUM_THREADS=2.
  warnings.warn(
[CV] END ......................................n_clusters=24; total time=   0.1s
D:\conda_envs\owner\Lib\site-packages\sklearn\cluster\_kmeans.py:1440: UserWarning: KMeans is known to have a memory leak on Windows with MKL, when there are less chunks than available threads. You can avoid it by setting the environment variable OMP_NUM_THREADS=2.
  warnings.warn(
[CV] END ......................................n_clusters=24; total time=   0.1s
D:\conda_envs\owner\Lib\site-packages\sklearn\cluster\_kmeans.py:1440: UserWarning: KMeans is known to have a memory leak on Windows with MKL, when there are less chunks than available threads. You can avoid it by setting the environment variable OMP_NUM_THREADS=2.
  warnings.warn(
[CV] END ......................................n_clusters=24; total time=   0.1s
D:\conda_envs\owner\Lib\site-packages\sklearn\cluster\_kmeans.py:1440: UserWarning: KMeans is known to have a memory leak on Windows with MKL, when there are less chunks than available threads. You can avoid it by setting the environment variable OMP_NUM_THREADS=2.
  warnings.warn(
[CV] END ......................................n_clusters=26; total time=   0.1s
D:\conda_envs\owner\Lib\site-packages\sklearn\cluster\_kmeans.py:1440: UserWarning: KMeans is known to have a memory leak on Windows with MKL, when there are less chunks than available threads. You can avoid it by setting the environment variable OMP_NUM_THREADS=2.
  warnings.warn(
[CV] END ......................................n_clusters=26; total time=   0.1s
D:\conda_envs\owner\Lib\site-packages\sklearn\cluster\_kmeans.py:1440: UserWarning: KMeans is known to have a memory leak on Windows with MKL, when there are less chunks than available threads. You can avoid it by setting the environment variable OMP_NUM_THREADS=2.
  warnings.warn(
[CV] END ......................................n_clusters=26; total time=   0.1s
D:\conda_envs\owner\Lib\site-packages\sklearn\cluster\_kmeans.py:1440: UserWarning: KMeans is known to have a memory leak on Windows with MKL, when there are less chunks than available threads. You can avoid it by setting the environment variable OMP_NUM_THREADS=2.
  warnings.warn(
[CV] END ......................................n_clusters=26; total time=   0.1s
D:\conda_envs\owner\Lib\site-packages\sklearn\cluster\_kmeans.py:1440: UserWarning: KMeans is known to have a memory leak on Windows with MKL, when there are less chunks than available threads. You can avoid it by setting the environment variable OMP_NUM_THREADS=2.
  warnings.warn(
[CV] END ......................................n_clusters=26; total time=   0.1s
D:\conda_envs\owner\Lib\site-packages\sklearn\cluster\_kmeans.py:1440: UserWarning: KMeans is known to have a memory leak on Windows with MKL, when there are less chunks than available threads. You can avoid it by setting the environment variable OMP_NUM_THREADS=2.
  warnings.warn(
[CV] END ......................................n_clusters=28; total time=   0.1s
D:\conda_envs\owner\Lib\site-packages\sklearn\cluster\_kmeans.py:1440: UserWarning: KMeans is known to have a memory leak on Windows with MKL, when there are less chunks than available threads. You can avoid it by setting the environment variable OMP_NUM_THREADS=2.
  warnings.warn(
[CV] END ......................................n_clusters=28; total time=   0.1s
D:\conda_envs\owner\Lib\site-packages\sklearn\cluster\_kmeans.py:1440: UserWarning: KMeans is known to have a memory leak on Windows with MKL, when there are less chunks than available threads. You can avoid it by setting the environment variable OMP_NUM_THREADS=2.
  warnings.warn(
[CV] END ......................................n_clusters=28; total time=   0.1s
D:\conda_envs\owner\Lib\site-packages\sklearn\cluster\_kmeans.py:1440: UserWarning: KMeans is known to have a memory leak on Windows with MKL, when there are less chunks than available threads. You can avoid it by setting the environment variable OMP_NUM_THREADS=2.
  warnings.warn(
[CV] END ......................................n_clusters=28; total time=   0.1s
D:\conda_envs\owner\Lib\site-packages\sklearn\cluster\_kmeans.py:1440: UserWarning: KMeans is known to have a memory leak on Windows with MKL, when there are less chunks than available threads. You can avoid it by setting the environment variable OMP_NUM_THREADS=2.
  warnings.warn(
[CV] END ......................................n_clusters=28; total time=   0.1s
D:\conda_envs\owner\Lib\site-packages\sklearn\cluster\_kmeans.py:1440: UserWarning: KMeans is known to have a memory leak on Windows with MKL, when there are less chunks than available threads. You can avoid it by setting the environment variable OMP_NUM_THREADS=2.
  warnings.warn(
[CV] END ......................................n_clusters=30; total time=   0.1s
D:\conda_envs\owner\Lib\site-packages\sklearn\cluster\_kmeans.py:1440: UserWarning: KMeans is known to have a memory leak on Windows with MKL, when there are less chunks than available threads. You can avoid it by setting the environment variable OMP_NUM_THREADS=2.
  warnings.warn(
[CV] END ......................................n_clusters=30; total time=   0.1s
D:\conda_envs\owner\Lib\site-packages\sklearn\cluster\_kmeans.py:1440: UserWarning: KMeans is known to have a memory leak on Windows with MKL, when there are less chunks than available threads. You can avoid it by setting the environment variable OMP_NUM_THREADS=2.
  warnings.warn(
[CV] END ......................................n_clusters=30; total time=   0.1s
D:\conda_envs\owner\Lib\site-packages\sklearn\cluster\_kmeans.py:1440: UserWarning: KMeans is known to have a memory leak on Windows with MKL, when there are less chunks than available threads. You can avoid it by setting the environment variable OMP_NUM_THREADS=2.
  warnings.warn(
[CV] END ......................................n_clusters=30; total time=   0.1s
D:\conda_envs\owner\Lib\site-packages\sklearn\cluster\_kmeans.py:1440: UserWarning: KMeans is known to have a memory leak on Windows with MKL, when there are less chunks than available threads. You can avoid it by setting the environment variable OMP_NUM_THREADS=2.
  warnings.warn(
[CV] END ......................................n_clusters=30; total time=   0.1s
D:\conda_envs\owner\Lib\site-packages\sklearn\cluster\_kmeans.py:1440: UserWarning: KMeans is known to have a memory leak on Windows with MKL, when there are less chunks than available threads. You can avoid it by setting the environment variable OMP_NUM_THREADS=2.
  warnings.warn(
2026/07/05 12:49:54 INFO mlflow: Evaluating end-to-end NER
D:\conda_envs\owner\Lib\site-packages\huggingface_hub\file_download.py:1142: FutureWarning: `resume_download` is deprecated and will be removed in version 1.0.0. Downloads always resume when possible. If you want to force a new download, use `force_download=True`.
  warnings.warn(
Special tokens have been added in the vocabulary, make sure the associated word embeddings are fine-tuned or trained.
D:\conda_envs\owner\Lib\site-packages\transformers\convert_slow_tokenizer.py:473: UserWarning: The sentencepiece tokenizer that you are converting to a fast tokenizer uses the byte fallback option which is not implemented in the fast tokenizers. In practice this means that the fast version of the tokenizer can produce unknown tokens whereas the sentencepiece version would have converted these unknown tokens into a sequence of byte tokens matching the original piece of text.
  warnings.warn(
Special tokens have been added in the vocabulary, make sure the associated word embeddings are fine-tuned or trained.
  0%|          | 0/156 [00:00<?, ?it/s] 63%|██████▎   | 98/156 [00:00<00:00, 965.80it/s]100%|██████████| 156/156 [00:00<00:00, 1021.11it/s]
  0%|          | 0/156 [00:00<?, ?it/s] 55%|█████▌    | 86/156 [00:00<00:00, 553.34it/s] 91%|█████████ | 142/156 [00:00<00:00, 273.98it/s]100%|██████████| 156/156 [00:00<00:00, 324.16it/s]
Fitting 5 folds for each of 15 candidates, totalling 75 fits
D:\conda_envs\owner\Lib\site-packages\sklearn\cluster\_kmeans.py:1440: UserWarning: KMeans is known to have a memory leak on Windows with MKL, when there are less chunks than available threads. You can avoid it by setting the environment variable OMP_NUM_THREADS=2.
  warnings.warn(
[CV] END .......................................n_clusters=2; total time=   0.0s
D:\conda_envs\owner\Lib\site-packages\sklearn\cluster\_kmeans.py:1440: UserWarning: KMeans is known to have a memory leak on Windows with MKL, when there are less chunks than available threads. You can avoid it by setting the environment variable OMP_NUM_THREADS=2.
  warnings.warn(
[CV] END .......................................n_clusters=2; total time=   0.0s
D:\conda_envs\owner\Lib\site-packages\sklearn\cluster\_kmeans.py:1440: UserWarning: KMeans is known to have a memory leak on Windows with MKL, when there are less chunks than available threads. You can avoid it by setting the environment variable OMP_NUM_THREADS=2.
  warnings.warn(
[CV] END .......................................n_clusters=2; total time=   0.0s
D:\conda_envs\owner\Lib\site-packages\sklearn\cluster\_kmeans.py:1440: UserWarning: KMeans is known to have a memory leak on Windows with MKL, when there are less chunks than available threads. You can avoid it by setting the environment variable OMP_NUM_THREADS=2.
  warnings.warn(
[CV] END .......................................n_clusters=2; total time=   0.0s
D:\conda_envs\owner\Lib\site-packages\sklearn\cluster\_kmeans.py:1440: UserWarning: KMeans is known to have a memory leak on Windows with MKL, when there are less chunks than available threads. You can avoid it by setting the environment variable OMP_NUM_THREADS=2.
  warnings.warn(
[CV] END .......................................n_clusters=2; total time=   0.0s
D:\conda_envs\owner\Lib\site-packages\sklearn\cluster\_kmeans.py:1440: UserWarning: KMeans is known to have a memory leak on Windows with MKL, when there are less chunks than available threads. You can avoid it by setting the environment variable OMP_NUM_THREADS=2.
  warnings.warn(
[CV] END .......................................n_clusters=4; total time=   0.0s
D:\conda_envs\owner\Lib\site-packages\sklearn\cluster\_kmeans.py:1440: UserWarning: KMeans is known to have a memory leak on Windows with MKL, when there are less chunks than available threads. You can avoid it by setting the environment variable OMP_NUM_THREADS=2.
  warnings.warn(
[CV] END .......................................n_clusters=4; total time=   0.0s
D:\conda_envs\owner\Lib\site-packages\sklearn\cluster\_kmeans.py:1440: UserWarning: KMeans is known to have a memory leak on Windows with MKL, when there are less chunks than available threads. You can avoid it by setting the environment variable OMP_NUM_THREADS=2.
  warnings.warn(
[CV] END .......................................n_clusters=4; total time=   0.0s
D:\conda_envs\owner\Lib\site-packages\sklearn\cluster\_kmeans.py:1440: UserWarning: KMeans is known to have a memory leak on Windows with MKL, when there are less chunks than available threads. You can avoid it by setting the environment variable OMP_NUM_THREADS=2.
  warnings.warn(
[CV] END .......................................n_clusters=4; total time=   0.0s
D:\conda_envs\owner\Lib\site-packages\sklearn\cluster\_kmeans.py:1440: UserWarning: KMeans is known to have a memory leak on Windows with MKL, when there are less chunks than available threads. You can avoid it by setting the environment variable OMP_NUM_THREADS=2.
  warnings.warn(
[CV] END .......................................n_clusters=4; total time=   0.0s
D:\conda_envs\owner\Lib\site-packages\sklearn\cluster\_kmeans.py:1440: UserWarning: KMeans is known to have a memory leak on Windows with MKL, when there are less chunks than available threads. You can avoid it by setting the environment variable OMP_NUM_THREADS=2.
  warnings.warn(
[CV] END .......................................n_clusters=6; total time=   0.0s
D:\conda_envs\owner\Lib\site-packages\sklearn\cluster\_kmeans.py:1440: UserWarning: KMeans is known to have a memory leak on Windows with MKL, when there are less chunks than available threads. You can avoid it by setting the environment variable OMP_NUM_THREADS=2.
  warnings.warn(
[CV] END .......................................n_clusters=6; total time=   0.1s
D:\conda_envs\owner\Lib\site-packages\sklearn\cluster\_kmeans.py:1440: UserWarning: KMeans is known to have a memory leak on Windows with MKL, when there are less chunks than available threads. You can avoid it by setting the environment variable OMP_NUM_THREADS=2.
  warnings.warn(
[CV] END .......................................n_clusters=6; total time=   0.0s
D:\conda_envs\owner\Lib\site-packages\sklearn\cluster\_kmeans.py:1440: UserWarning: KMeans is known to have a memory leak on Windows with MKL, when there are less chunks than available threads. You can avoid it by setting the environment variable OMP_NUM_THREADS=2.
  warnings.warn(
[CV] END .......................................n_clusters=6; total time=   0.0s
D:\conda_envs\owner\Lib\site-packages\sklearn\cluster\_kmeans.py:1440: UserWarning: KMeans is known to have a memory leak on Windows with MKL, when there are less chunks than available threads. You can avoid it by setting the environment variable OMP_NUM_THREADS=2.
  warnings.warn(
[CV] END .......................................n_clusters=6; total time=   0.0s
D:\conda_envs\owner\Lib\site-packages\sklearn\cluster\_kmeans.py:1440: UserWarning: KMeans is known to have a memory leak on Windows with MKL, when there are less chunks than available threads. You can avoid it by setting the environment variable OMP_NUM_THREADS=2.
  warnings.warn(
[CV] END .......................................n_clusters=8; total time=   0.1s
D:\conda_envs\owner\Lib\site-packages\sklearn\cluster\_kmeans.py:1440: UserWarning: KMeans is known to have a memory leak on Windows with MKL, when there are less chunks than available threads. You can avoid it by setting the environment variable OMP_NUM_THREADS=2.
  warnings.warn(
[CV] END .......................................n_clusters=8; total time=   0.1s
D:\conda_envs\owner\Lib\site-packages\sklearn\cluster\_kmeans.py:1440: UserWarning: KMeans is known to have a memory leak on Windows with MKL, when there are less chunks than available threads. You can avoid it by setting the environment variable OMP_NUM_THREADS=2.
  warnings.warn(
[CV] END .......................................n_clusters=8; total time=   0.1s
D:\conda_envs\owner\Lib\site-packages\sklearn\cluster\_kmeans.py:1440: UserWarning: KMeans is known to have a memory leak on Windows with MKL, when there are less chunks than available threads. You can avoid it by setting the environment variable OMP_NUM_THREADS=2.
  warnings.warn(
[CV] END .......................................n_clusters=8; total time=   0.1s
D:\conda_envs\owner\Lib\site-packages\sklearn\cluster\_kmeans.py:1440: UserWarning: KMeans is known to have a memory leak on Windows with MKL, when there are less chunks than available threads. You can avoid it by setting the environment variable OMP_NUM_THREADS=2.
  warnings.warn(
[CV] END .......................................n_clusters=8; total time=   0.1s
D:\conda_envs\owner\Lib\site-packages\sklearn\cluster\_kmeans.py:1440: UserWarning: KMeans is known to have a memory leak on Windows with MKL, when there are less chunks than available threads. You can avoid it by setting the environment variable OMP_NUM_THREADS=2.
  warnings.warn(
[CV] END ......................................n_clusters=10; total time=   0.1s
D:\conda_envs\owner\Lib\site-packages\sklearn\cluster\_kmeans.py:1440: UserWarning: KMeans is known to have a memory leak on Windows with MKL, when there are less chunks than available threads. You can avoid it by setting the environment variable OMP_NUM_THREADS=2.
  warnings.warn(
[CV] END ......................................n_clusters=10; total time=   0.1s
D:\conda_envs\owner\Lib\site-packages\sklearn\cluster\_kmeans.py:1440: UserWarning: KMeans is known to have a memory leak on Windows with MKL, when there are less chunks than available threads. You can avoid it by setting the environment variable OMP_NUM_THREADS=2.
  warnings.warn(
[CV] END ......................................n_clusters=10; total time=   0.1s
D:\conda_envs\owner\Lib\site-packages\sklearn\cluster\_kmeans.py:1440: UserWarning: KMeans is known to have a memory leak on Windows with MKL, when there are less chunks than available threads. You can avoid it by setting the environment variable OMP_NUM_THREADS=2.
  warnings.warn(
[CV] END ......................................n_clusters=10; total time=   0.1s
D:\conda_envs\owner\Lib\site-packages\sklearn\cluster\_kmeans.py:1440: UserWarning: KMeans is known to have a memory leak on Windows with MKL, when there are less chunks than available threads. You can avoid it by setting the environment variable OMP_NUM_THREADS=2.
  warnings.warn(
[CV] END ......................................n_clusters=10; total time=   0.1s
D:\conda_envs\owner\Lib\site-packages\sklearn\cluster\_kmeans.py:1440: UserWarning: KMeans is known to have a memory leak on Windows with MKL, when there are less chunks than available threads. You can avoid it by setting the environment variable OMP_NUM_THREADS=2.
  warnings.warn(
[CV] END ......................................n_clusters=12; total time=   0.1s
D:\conda_envs\owner\Lib\site-packages\sklearn\cluster\_kmeans.py:1440: UserWarning: KMeans is known to have a memory leak on Windows with MKL, when there are less chunks than available threads. You can avoid it by setting the environment variable OMP_NUM_THREADS=2.
  warnings.warn(
[CV] END ......................................n_clusters=12; total time=   0.1s
D:\conda_envs\owner\Lib\site-packages\sklearn\cluster\_kmeans.py:1440: UserWarning: KMeans is known to have a memory leak on Windows with MKL, when there are less chunks than available threads. You can avoid it by setting the environment variable OMP_NUM_THREADS=2.
  warnings.warn(
[CV] END ......................................n_clusters=12; total time=   0.1s
D:\conda_envs\owner\Lib\site-packages\sklearn\cluster\_kmeans.py:1440: UserWarning: KMeans is known to have a memory leak on Windows with MKL, when there are less chunks than available threads. You can avoid it by setting the environment variable OMP_NUM_THREADS=2.
  warnings.warn(
[CV] END ......................................n_clusters=12; total time=   0.1s
D:\conda_envs\owner\Lib\site-packages\sklearn\cluster\_kmeans.py:1440: UserWarning: KMeans is known to have a memory leak on Windows with MKL, when there are less chunks than available threads. You can avoid it by setting the environment variable OMP_NUM_THREADS=2.
  warnings.warn(
[CV] END ......................................n_clusters=12; total time=   0.1s
D:\conda_envs\owner\Lib\site-packages\sklearn\cluster\_kmeans.py:1440: UserWarning: KMeans is known to have a memory leak on Windows with MKL, when there are less chunks than available threads. You can avoid it by setting the environment variable OMP_NUM_THREADS=2.
  warnings.warn(
[CV] END ......................................n_clusters=14; total time=   0.1s
D:\conda_envs\owner\Lib\site-packages\sklearn\cluster\_kmeans.py:1440: UserWarning: KMeans is known to have a memory leak on Windows with MKL, when there are less chunks than available threads. You can avoid it by setting the environment variable OMP_NUM_THREADS=2.
  warnings.warn(
[CV] END ......................................n_clusters=14; total time=   0.1s
D:\conda_envs\owner\Lib\site-packages\sklearn\cluster\_kmeans.py:1440: UserWarning: KMeans is known to have a memory leak on Windows with MKL, when there are less chunks than available threads. You can avoid it by setting the environment variable OMP_NUM_THREADS=2.
  warnings.warn(
[CV] END ......................................n_clusters=14; total time=   0.1s
D:\conda_envs\owner\Lib\site-packages\sklearn\cluster\_kmeans.py:1440: UserWarning: KMeans is known to have a memory leak on Windows with MKL, when there are less chunks than available threads. You can avoid it by setting the environment variable OMP_NUM_THREADS=2.
  warnings.warn(
[CV] END ......................................n_clusters=14; total time=   0.1s
D:\conda_envs\owner\Lib\site-packages\sklearn\cluster\_kmeans.py:1440: UserWarning: KMeans is known to have a memory leak on Windows with MKL, when there are less chunks than available threads. You can avoid it by setting the environment variable OMP_NUM_THREADS=2.
  warnings.warn(
[CV] END ......................................n_clusters=14; total time=   0.1s
D:\conda_envs\owner\Lib\site-packages\sklearn\cluster\_kmeans.py:1440: UserWarning: KMeans is known to have a memory leak on Windows with MKL, when there are less chunks than available threads. You can avoid it by setting the environment variable OMP_NUM_THREADS=2.
  warnings.warn(
[CV] END ......................................n_clusters=16; total time=   0.1s
D:\conda_envs\owner\Lib\site-packages\sklearn\cluster\_kmeans.py:1440: UserWarning: KMeans is known to have a memory leak on Windows with MKL, when there are less chunks than available threads. You can avoid it by setting the environment variable OMP_NUM_THREADS=2.
  warnings.warn(
[CV] END ......................................n_clusters=16; total time=   0.1s
D:\conda_envs\owner\Lib\site-packages\sklearn\cluster\_kmeans.py:1440: UserWarning: KMeans is known to have a memory leak on Windows with MKL, when there are less chunks than available threads. You can avoid it by setting the environment variable OMP_NUM_THREADS=2.
  warnings.warn(
[CV] END ......................................n_clusters=16; total time=   0.1s
D:\conda_envs\owner\Lib\site-packages\sklearn\cluster\_kmeans.py:1440: UserWarning: KMeans is known to have a memory leak on Windows with MKL, when there are less chunks than available threads. You can avoid it by setting the environment variable OMP_NUM_THREADS=2.
  warnings.warn(
[CV] END ......................................n_clusters=16; total time=   0.1s
D:\conda_envs\owner\Lib\site-packages\sklearn\cluster\_kmeans.py:1440: UserWarning: KMeans is known to have a memory leak on Windows with MKL, when there are less chunks than available threads. You can avoid it by setting the environment variable OMP_NUM_THREADS=2.
  warnings.warn(
[CV] END ......................................n_clusters=16; total time=   0.1s
D:\conda_envs\owner\Lib\site-packages\sklearn\cluster\_kmeans.py:1440: UserWarning: KMeans is known to have a memory leak on Windows with MKL, when there are less chunks than available threads. You can avoid it by setting the environment variable OMP_NUM_THREADS=2.
  warnings.warn(
[CV] END ......................................n_clusters=18; total time=   0.1s
D:\conda_envs\owner\Lib\site-packages\sklearn\cluster\_kmeans.py:1440: UserWarning: KMeans is known to have a memory leak on Windows with MKL, when there are less chunks than available threads. You can avoid it by setting the environment variable OMP_NUM_THREADS=2.
  warnings.warn(
[CV] END ......................................n_clusters=18; total time=   0.1s
D:\conda_envs\owner\Lib\site-packages\sklearn\cluster\_kmeans.py:1440: UserWarning: KMeans is known to have a memory leak on Windows with MKL, when there are less chunks than available threads. You can avoid it by setting the environment variable OMP_NUM_THREADS=2.
  warnings.warn(
[CV] END ......................................n_clusters=18; total time=   0.1s
D:\conda_envs\owner\Lib\site-packages\sklearn\cluster\_kmeans.py:1440: UserWarning: KMeans is known to have a memory leak on Windows with MKL, when there are less chunks than available threads. You can avoid it by setting the environment variable OMP_NUM_THREADS=2.
  warnings.warn(
[CV] END ......................................n_clusters=18; total time=   0.1s
D:\conda_envs\owner\Lib\site-packages\sklearn\cluster\_kmeans.py:1440: UserWarning: KMeans is known to have a memory leak on Windows with MKL, when there are less chunks than available threads. You can avoid it by setting the environment variable OMP_NUM_THREADS=2.
  warnings.warn(
[CV] END ......................................n_clusters=18; total time=   0.1s
D:\conda_envs\owner\Lib\site-packages\sklearn\cluster\_kmeans.py:1440: UserWarning: KMeans is known to have a memory leak on Windows with MKL, when there are less chunks than available threads. You can avoid it by setting the environment variable OMP_NUM_THREADS=2.
  warnings.warn(
[CV] END ......................................n_clusters=20; total time=   0.1s
D:\conda_envs\owner\Lib\site-packages\sklearn\cluster\_kmeans.py:1440: UserWarning: KMeans is known to have a memory leak on Windows with MKL, when there are less chunks than available threads. You can avoid it by setting the environment variable OMP_NUM_THREADS=2.
  warnings.warn(
[CV] END ......................................n_clusters=20; total time=   0.1s
D:\conda_envs\owner\Lib\site-packages\sklearn\cluster\_kmeans.py:1440: UserWarning: KMeans is known to have a memory leak on Windows with MKL, when there are less chunks than available threads. You can avoid it by setting the environment variable OMP_NUM_THREADS=2.
  warnings.warn(
[CV] END ......................................n_clusters=20; total time=   0.2s
D:\conda_envs\owner\Lib\site-packages\sklearn\cluster\_kmeans.py:1440: UserWarning: KMeans is known to have a memory leak on Windows with MKL, when there are less chunks than available threads. You can avoid it by setting the environment variable OMP_NUM_THREADS=2.
  warnings.warn(
[CV] END ......................................n_clusters=20; total time=   0.1s
D:\conda_envs\owner\Lib\site-packages\sklearn\cluster\_kmeans.py:1440: UserWarning: KMeans is known to have a memory leak on Windows with MKL, when there are less chunks than available threads. You can avoid it by setting the environment variable OMP_NUM_THREADS=2.
  warnings.warn(
[CV] END ......................................n_clusters=20; total time=   0.1s
D:\conda_envs\owner\Lib\site-packages\sklearn\cluster\_kmeans.py:1440: UserWarning: KMeans is known to have a memory leak on Windows with MKL, when there are less chunks than available threads. You can avoid it by setting the environment variable OMP_NUM_THREADS=2.
  warnings.warn(
[CV] END ......................................n_clusters=22; total time=   0.1s
D:\conda_envs\owner\Lib\site-packages\sklearn\cluster\_kmeans.py:1440: UserWarning: KMeans is known to have a memory leak on Windows with MKL, when there are less chunks than available threads. You can avoid it by setting the environment variable OMP_NUM_THREADS=2.
  warnings.warn(
[CV] END ......................................n_clusters=22; total time=   0.1s
D:\conda_envs\owner\Lib\site-packages\sklearn\cluster\_kmeans.py:1440: UserWarning: KMeans is known to have a memory leak on Windows with MKL, when there are less chunks than available threads. You can avoid it by setting the environment variable OMP_NUM_THREADS=2.
  warnings.warn(
[CV] END ......................................n_clusters=22; total time=   0.1s
D:\conda_envs\owner\Lib\site-packages\sklearn\cluster\_kmeans.py:1440: UserWarning: KMeans is known to have a memory leak on Windows with MKL, when there are less chunks than available threads. You can avoid it by setting the environment variable OMP_NUM_THREADS=2.
  warnings.warn(
[CV] END ......................................n_clusters=22; total time=   0.2s
D:\conda_envs\owner\Lib\site-packages\sklearn\cluster\_kmeans.py:1440: UserWarning: KMeans is known to have a memory leak on Windows with MKL, when there are less chunks than available threads. You can avoid it by setting the environment variable OMP_NUM_THREADS=2.
  warnings.warn(
[CV] END ......................................n_clusters=22; total time=   0.1s
D:\conda_envs\owner\Lib\site-packages\sklearn\cluster\_kmeans.py:1440: UserWarning: KMeans is known to have a memory leak on Windows with MKL, when there are less chunks than available threads. You can avoid it by setting the environment variable OMP_NUM_THREADS=2.
  warnings.warn(
[CV] END ......................................n_clusters=24; total time=   0.1s
D:\conda_envs\owner\Lib\site-packages\sklearn\cluster\_kmeans.py:1440: UserWarning: KMeans is known to have a memory leak on Windows with MKL, when there are less chunks than available threads. You can avoid it by setting the environment variable OMP_NUM_THREADS=2.
  warnings.warn(
[CV] END ......................................n_clusters=24; total time=   0.1s
D:\conda_envs\owner\Lib\site-packages\sklearn\cluster\_kmeans.py:1440: UserWarning: KMeans is known to have a memory leak on Windows with MKL, when there are less chunks than available threads. You can avoid it by setting the environment variable OMP_NUM_THREADS=2.
  warnings.warn(
[CV] END ......................................n_clusters=24; total time=   0.1s
D:\conda_envs\owner\Lib\site-packages\sklearn\cluster\_kmeans.py:1440: UserWarning: KMeans is known to have a memory leak on Windows with MKL, when there are less chunks than available threads. You can avoid it by setting the environment variable OMP_NUM_THREADS=2.
  warnings.warn(
[CV] END ......................................n_clusters=24; total time=   0.1s
D:\conda_envs\owner\Lib\site-packages\sklearn\cluster\_kmeans.py:1440: UserWarning: KMeans is known to have a memory leak on Windows with MKL, when there are less chunks than available threads. You can avoid it by setting the environment variable OMP_NUM_THREADS=2.
  warnings.warn(
[CV] END ......................................n_clusters=24; total time=   0.1s
D:\conda_envs\owner\Lib\site-packages\sklearn\cluster\_kmeans.py:1440: UserWarning: KMeans is known to have a memory leak on Windows with MKL, when there are less chunks than available threads. You can avoid it by setting the environment variable OMP_NUM_THREADS=2.
  warnings.warn(
[CV] END ......................................n_clusters=26; total time=   0.2s
D:\conda_envs\owner\Lib\site-packages\sklearn\cluster\_kmeans.py:1440: UserWarning: KMeans is known to have a memory leak on Windows with MKL, when there are less chunks than available threads. You can avoid it by setting the environment variable OMP_NUM_THREADS=2.
  warnings.warn(
[CV] END ......................................n_clusters=26; total time=   0.1s
D:\conda_envs\owner\Lib\site-packages\sklearn\cluster\_kmeans.py:1440: UserWarning: KMeans is known to have a memory leak on Windows with MKL, when there are less chunks than available threads. You can avoid it by setting the environment variable OMP_NUM_THREADS=2.
  warnings.warn(
[CV] END ......................................n_clusters=26; total time=   0.1s
D:\conda_envs\owner\Lib\site-packages\sklearn\cluster\_kmeans.py:1440: UserWarning: KMeans is known to have a memory leak on Windows with MKL, when there are less chunks than available threads. You can avoid it by setting the environment variable OMP_NUM_THREADS=2.
  warnings.warn(
[CV] END ......................................n_clusters=26; total time=   0.1s
D:\conda_envs\owner\Lib\site-packages\sklearn\cluster\_kmeans.py:1440: UserWarning: KMeans is known to have a memory leak on Windows with MKL, when there are less chunks than available threads. You can avoid it by setting the environment variable OMP_NUM_THREADS=2.
  warnings.warn(
[CV] END ......................................n_clusters=26; total time=   0.1s
D:\conda_envs\owner\Lib\site-packages\sklearn\cluster\_kmeans.py:1440: UserWarning: KMeans is known to have a memory leak on Windows with MKL, when there are less chunks than available threads. You can avoid it by setting the environment variable OMP_NUM_THREADS=2.
  warnings.warn(
[CV] END ......................................n_clusters=28; total time=   0.1s
D:\conda_envs\owner\Lib\site-packages\sklearn\cluster\_kmeans.py:1440: UserWarning: KMeans is known to have a memory leak on Windows with MKL, when there are less chunks than available threads. You can avoid it by setting the environment variable OMP_NUM_THREADS=2.
  warnings.warn(
[CV] END ......................................n_clusters=28; total time=   0.2s
D:\conda_envs\owner\Lib\site-packages\sklearn\cluster\_kmeans.py:1440: UserWarning: KMeans is known to have a memory leak on Windows with MKL, when there are less chunks than available threads. You can avoid it by setting the environment variable OMP_NUM_THREADS=2.
  warnings.warn(
[CV] END ......................................n_clusters=28; total time=   0.1s
D:\conda_envs\owner\Lib\site-packages\sklearn\cluster\_kmeans.py:1440: UserWarning: KMeans is known to have a memory leak on Windows with MKL, when there are less chunks than available threads. You can avoid it by setting the environment variable OMP_NUM_THREADS=2.
  warnings.warn(
[CV] END ......................................n_clusters=28; total time=   0.1s
D:\conda_envs\owner\Lib\site-packages\sklearn\cluster\_kmeans.py:1440: UserWarning: KMeans is known to have a memory leak on Windows with MKL, when there are less chunks than available threads. You can avoid it by setting the environment variable OMP_NUM_THREADS=2.
  warnings.warn(
[CV] END ......................................n_clusters=28; total time=   0.2s
D:\conda_envs\owner\Lib\site-packages\sklearn\cluster\_kmeans.py:1440: UserWarning: KMeans is known to have a memory leak on Windows with MKL, when there are less chunks than available threads. You can avoid it by setting the environment variable OMP_NUM_THREADS=2.
  warnings.warn(
[CV] END ......................................n_clusters=30; total time=   0.2s
D:\conda_envs\owner\Lib\site-packages\sklearn\cluster\_kmeans.py:1440: UserWarning: KMeans is known to have a memory leak on Windows with MKL, when there are less chunks than available threads. You can avoid it by setting the environment variable OMP_NUM_THREADS=2.
  warnings.warn(
[CV] END ......................................n_clusters=30; total time=   0.2s
D:\conda_envs\owner\Lib\site-packages\sklearn\cluster\_kmeans.py:1440: UserWarning: KMeans is known to have a memory leak on Windows with MKL, when there are less chunks than available threads. You can avoid it by setting the environment variable OMP_NUM_THREADS=2.
  warnings.warn(
[CV] END ......................................n_clusters=30; total time=   0.2s
D:\conda_envs\owner\Lib\site-packages\sklearn\cluster\_kmeans.py:1440: UserWarning: KMeans is known to have a memory leak on Windows with MKL, when there are less chunks than available threads. You can avoid it by setting the environment variable OMP_NUM_THREADS=2.
  warnings.warn(
[CV] END ......................................n_clusters=30; total time=   0.2s
D:\conda_envs\owner\Lib\site-packages\sklearn\cluster\_kmeans.py:1440: UserWarning: KMeans is known to have a memory leak on Windows with MKL, when there are less chunks than available threads. You can avoid it by setting the environment variable OMP_NUM_THREADS=2.
  warnings.warn(
[CV] END ......................................n_clusters=30; total time=   0.2s
D:\conda_envs\owner\Lib\site-packages\sklearn\cluster\_kmeans.py:1440: UserWarning: KMeans is known to have a memory leak on Windows with MKL, when there are less chunks than available threads. You can avoid it by setting the environment variable OMP_NUM_THREADS=2.
  warnings.warn(
[12:50:35] mapa_fr exit=0
[typing-sur-gold] 19 datasets, AMI moyen=0.5398 -> owner_2026-07-05_125035.json
    bionlp2004             AMI=0.2919
    conll2003              AMI=0.5051
    crossner_ai            AMI=0.6081
    crossner_literature    AMI=0.5971
    crossner_music         AMI=0.6524
    crossner_politics      AMI=0.6554
    crossner_science       AMI=0.6811
    e_ner                  AMI=0.5453
    fabner                 AMI=0.5792
    gentle                 AMI=0.4988
    german_ler_coarse      AMI=0.2574
    gum                    AMI=0.4724
    indian_legal           AMI=0.5899
    lener_br               AMI=0.3969
    mapa_en                AMI=0.6630
    mapa_fr                AMI=0.5731
    mit_movie              AMI=0.6404
    mit_restaurant         AMI=0.6284
    wnut17                 AMI=0.4210
[end-to-end] 19 datasets, AMI moyen=0.3433 -> owner_e2e_2026-07-05_125035.json
    bionlp2004             AMI=0.2654
    conll2003              AMI=0.5026
    crossner_ai            AMI=0.4389
    crossner_literature    AMI=0.4396
    crossner_music         AMI=0.4656
    crossner_politics      AMI=0.5093
    crossner_science       AMI=0.5033
    e_ner                  AMI=0.3838
    fabner                 AMI=0.1874
    gentle                 AMI=0.3127
    german_ler_coarse      AMI=0.2842
    gum                    AMI=0.2910
    indian_legal           AMI=0.3333
    lener_br               AMI=0.3476
    mapa_en                AMI=0.3844
    mapa_fr                AMI=0.3337
    mit_movie              AMI=0.2404
    mit_restaurant         AMI=0.0763
    wnut17                 AMI=0.2231
[12:50:35] === OWNER legal DONE ===
